<?xml version="1.0" encoding="UTF-8" ?>
<testsuite tests="125" failures="0" name="C04.C04_ISO2_ET02.AppTest" time="0.06" errors="0" skipped="0">
  <properties>
    <property name="java.runtime.name" value="OpenJDK Runtime Environment"/>
    <property name="java.vm.version" value="16.0.2+7-67"/>
    <property name="sun.boot.library.path" value="C:\Users\03961465\.p2\pool\plugins\org.eclipse.justj.openjdk.hotspot.jre.full.win32.x86_64_16.0.2.v20210721-1149\jre\bin"/>
    <property name="maven.multiModuleProjectDirectory" value="C:\Users\03961465\eclipse-workspace\2022-ISO2-C04-ET.02.04"/>
    <property name="java.vm.vendor" value="Oracle Corporation"/>
    <property name="java.vendor.url" value="https://java.oracle.com/"/>
    <property name="guice.disable.misplaced.annotation.check" value="true"/>
    <property name="path.separator" value=";"/>
    <property name="java.vm.name" value="OpenJDK 64-Bit Server VM"/>
    <property name="sun.os.patch.level" value=""/>
    <property name="user.script" value=""/>
    <property name="user.country" value="ES"/>
    <property name="sun.java.launcher" value="SUN_STANDARD"/>
    <property name="java.vm.specification.name" value="Java Virtual Machine Specification"/>
    <property name="user.dir" value="C:\Users\03961465\eclipse-workspace\2022-ISO2-C04-ET.02.04"/>
    <property name="java.vm.compressedOopsMode" value="Zero based"/>
    <property name="java.runtime.version" value="16.0.2+7-67"/>
    <property name="os.arch" value="amd64"/>
    <property name="java.io.tmpdir" value="C:\Users\03961465\AppData\Local\Temp\"/>
    <property name="line.separator" value="
"/>
    <property name="java.vm.specification.vendor" value="Oracle Corporation"/>
    <property name="user.variant" value=""/>
    <property name="os.name" value="Windows 10"/>
    <property name="classworlds.conf" value="C:\Program Files\apache-maven-3.8.6\bin\m2.conf"/>
    <property name="sun.jnu.encoding" value="Cp1252"/>
    <property name="java.library.path" value="C:\Users\03961465\.p2\pool\plugins\org.eclipse.justj.openjdk.hotspot.jre.full.win32.x86_64_16.0.2.v20210721-1149\jre\bin;C:\Windows\Sun\Java\bin;C:\Windows\system32;C:\Windows;C:/Users/03961465/.p2/pool/plugins/org.eclipse.justj.openjdk.hotspot.jre.full.win32.x86_64_16.0.2.v20210721-1149/jre/bin/server;C:/Users/03961465/.p2/pool/plugins/org.eclipse.justj.openjdk.hotspot.jre.full.win32.x86_64_16.0.2.v20210721-1149/jre/bin;C:\Program Files (x86)\Intel\oneAPI\tbb\latest\redist\intel64\vc_mt\;C:\Program Files (x86)\Intel\oneAPI\tbb\latest\redist\ia32\vc_mt\;C:\Program Files (x86)\Intel\oneAPI\compiler\latest\windows\redist\intel64_win\compiler;C:\Program Files (x86)\Intel\oneAPI\compiler\latest\windows\redist\ia32_win\compiler;C:\Program Files (x86)\NVIDIA Corporation\PhysX\Common;C:\Program Files\NVIDIA GPU Computing Toolkit\CUDA\v11.2\bin;C:\Program Files\NVIDIA GPU Computing Toolkit\CUDA\v11.2\libnvvp;C:\Program Files\Eclipse Foundation\jdk-11.0.12.7-hotspot\bin;C:\Windows\system32;C:\Windows;C:\Windows\System32\Wbem;C:\Windows\System32\WindowsPowerShell\v1.0\;C:\Windows\System32\OpenSSH\;C:\Program Files\NVIDIA Corporation\Nsight Compute 2020.3.1\;C:\Program Files\NVIDIA Corporation\NVIDIA NvDLISR;C:\Program Files\dotnet\;C:\Users\03961465\AppData\Local\Programs\Python\Python38\;C:\Users\03961465\AppData\Local\Programs\Python\Python38\Scripts\;C:\Program Files\kotlinc\bin;C:\Program Files\Go\bin;C:\Program Files\Git\cmd;C:\Program Files\MySQL\MySQL Shell 8.0\bin\;C:\Users\03961465\AppData\Local\Programs\Python\Launcher\;C:\Users\03961465\.cargo\bin;C:\Users\03961465\AppData\Local\Programs\Python\Python39\Scripts\;C:\Users\03961465\AppData\Local\Programs\Python\Python39\;C:\Users\03961465\AppData\Local\Microsoft\WindowsApps;C:\Program Files\JetBrains\PyCharm Community Edition 2021.1.2\bin;;C:\Users\03961465\AppData\Local\Programs\Microsoft VS Code\bin;C:\MinGW\bin;C:\Users\03961465\AppData\Local\Programs\Python\Python38;C:\Users\03961465\AppData\Local\Programs\Python\Python38\Scripts\;C:\Program Files\JetBrains\IntelliJ IDEA Community Edition 2021.2.1\bin;;C:\Program Files\NVIDIA GPU Computing Toolkit\CUDA\v11.2\bin;C:\Program Files\NVIDIA GPU Computing Toolkit\CUDA\v11.2\libnvvp;C:\Users\03961465\.dotnet\tools;C:\Users\03961465\go\bin;C:\Program Files\CMake\bin;C:\Users\03961465\AppData\Local\GitHubDesktop\bin;C:\Program Files\apache-maven-3.8.6\bin;;C:\Users\03961465\eclipse\java-2021-09\eclipse;;."/>
    <property name="maven.conf" value="C:\Program Files\apache-maven-3.8.6/conf"/>
    <property name="jdk.debug" value="release"/>
    <property name="java.class.version" value="60.0"/>
    <property name="java.specification.name" value="Java Platform API Specification"/>
    <property name="sun.management.compiler" value="HotSpot 64-Bit Tiered Compilers"/>
    <property name="os.version" value="10.0"/>
    <property name="library.jansi.path" value="C:\Program Files\apache-maven-3.8.6\lib\jansi-native"/>
    <property name="user.home" value="C:\Users\03961465"/>
    <property name="user.timezone" value="Europe/Madrid"/>
    <property name="file.encoding" value="Cp1252"/>
    <property name="java.specification.version" value="16"/>
    <property name="user.name" value="03961465"/>
    <property name="java.class.path" value="C:\Program Files\apache-maven-3.8.6\boot\plexus-classworlds-2.6.0.jar"/>
    <property name="java.vm.specification.version" value="16"/>
    <property name="sun.arch.data.model" value="64"/>
    <property name="sun.java.command" value="org.codehaus.plexus.classworlds.launcher.Launcher site:site"/>
    <property name="java.home" value="C:\Users\03961465\.p2\pool\plugins\org.eclipse.justj.openjdk.hotspot.jre.full.win32.x86_64_16.0.2.v20210721-1149\jre"/>
    <property name="user.language" value="es"/>
    <property name="java.specification.vendor" value="Oracle Corporation"/>
    <property name="java.vm.info" value="mixed mode"/>
    <property name="java.version" value="16.0.2"/>
    <property name="java.vendor" value="Oracle Corporation"/>
    <property name="sun.stderr.encoding" value="cp850"/>
    <property name="maven.home" value="C:\Program Files\apache-maven-3.8.6"/>
    <property name="file.separator" value="\"/>
    <property name="java.version.date" value="2021-07-20"/>
    <property name="java.vendor.url.bug" value="https://bugreport.java.com/bugreport/"/>
    <property name="sun.io.unicode.encoding" value="UnicodeLittle"/>
    <property name="sun.cpu.endian" value="little"/>
    <property name="sun.stdout.encoding" value="cp850"/>
    <property name="sun.cpu.isalist" value="amd64"/>
  </properties>
  <testcase classname="C04.C04_ISO2_ET02.AppTest" name="testExcepcionNoSuma180" time="0.028"/>
  <testcase classname="C04.C04_ISO2_ET02.AppTest" name="testC10" time="0"/>
  <testcase classname="C04.C04_ISO2_ET02.AppTest" name="testC11" time="0"/>
  <testcase classname="C04.C04_ISO2_ET02.AppTest" name="testC12" time="0"/>
  <testcase classname="C04.C04_ISO2_ET02.AppTest" name="testC13" time="0"/>
  <testcase classname="C04.C04_ISO2_ET02.AppTest" name="testEU1" time="0"/>
  <testcase classname="C04.C04_ISO2_ET02.AppTest" name="testEU2" time="0"/>
  <testcase classname="C04.C04_ISO2_ET02.AppTest" name="testEU3" time="0.001"/>
  <testcase classname="C04.C04_ISO2_ET02.AppTest" name="testEU4" time="0"/>
  <testcase classname="C04.C04_ISO2_ET02.AppTest" name="testEU5" time="0"/>
  <testcase classname="C04.C04_ISO2_ET02.AppTest" name="testEU6" time="0.001"/>
  <testcase classname="C04.C04_ISO2_ET02.AppTest" name="testEU7" time="0"/>
  <testcase classname="C04.C04_ISO2_ET02.AppTest" name="testEU8" time="0"/>
  <testcase classname="C04.C04_ISO2_ET02.AppTest" name="testEU9" time="0.001"/>
  <testcase classname="C04.C04_ISO2_ET02.AppTest" name="testP10" time="0"/>
  <testcase classname="C04.C04_ISO2_ET02.AppTest" name="testP11" time="0.001"/>
  <testcase classname="C04.C04_ISO2_ET02.AppTest" name="testP12" time="0"/>
  <testcase classname="C04.C04_ISO2_ET02.AppTest" name="testP13" time="0"/>
  <testcase classname="C04.C04_ISO2_ET02.AppTest" name="testP14" time="0.001"/>
  <testcase classname="C04.C04_ISO2_ET02.AppTest" name="testP15" time="0"/>
  <testcase classname="C04.C04_ISO2_ET02.AppTest" name="testP16" time="0.001"/>
  <testcase classname="C04.C04_ISO2_ET02.AppTest" name="testP17" time="0"/>
  <testcase classname="C04.C04_ISO2_ET02.AppTest" name="testP18" time="0.001"/>
  <testcase classname="C04.C04_ISO2_ET02.AppTest" name="testP19" time="0"/>
  <testcase classname="C04.C04_ISO2_ET02.AppTest" name="testP20" time="0"/>
  <testcase classname="C04.C04_ISO2_ET02.AppTest" name="testP21" time="0.001"/>
  <testcase classname="C04.C04_ISO2_ET02.AppTest" name="testP22" time="0"/>
  <testcase classname="C04.C04_ISO2_ET02.AppTest" name="testP23" time="0"/>
  <testcase classname="C04.C04_ISO2_ET02.AppTest" name="testP24" time="0"/>
  <testcase classname="C04.C04_ISO2_ET02.AppTest" name="testP25" time="0"/>
  <testcase classname="C04.C04_ISO2_ET02.AppTest" name="testP26" time="0"/>
  <testcase classname="C04.C04_ISO2_ET02.AppTest" name="testP27" time="0"/>
  <testcase classname="C04.C04_ISO2_ET02.AppTest" name="testP28" time="0"/>
  <testcase classname="C04.C04_ISO2_ET02.AppTest" name="testP29" time="0"/>
  <testcase classname="C04.C04_ISO2_ET02.AppTest" name="testP30" time="0"/>
  <testcase classname="C04.C04_ISO2_ET02.AppTest" name="testP31" time="0"/>
  <testcase classname="C04.C04_ISO2_ET02.AppTest" name="testP32" time="0.001"/>
  <testcase classname="C04.C04_ISO2_ET02.AppTest" name="testP33" time="0"/>
  <testcase classname="C04.C04_ISO2_ET02.AppTest" name="testP34" time="0"/>
  <testcase classname="C04.C04_ISO2_ET02.AppTest" name="testP35" time="0"/>
  <testcase classname="C04.C04_ISO2_ET02.AppTest" name="testP36" time="0"/>
  <testcase classname="C04.C04_ISO2_ET02.AppTest" name="testP37" time="0"/>
  <testcase classname="C04.C04_ISO2_ET02.AppTest" name="testP38" time="0.001"/>
  <testcase classname="C04.C04_ISO2_ET02.AppTest" name="testP39" time="0"/>
  <testcase classname="C04.C04_ISO2_ET02.AppTest" name="testP40" time="0"/>
  <testcase classname="C04.C04_ISO2_ET02.AppTest" name="testP41" time="0"/>
  <testcase classname="C04.C04_ISO2_ET02.AppTest" name="testP42" time="0.001"/>
  <testcase classname="C04.C04_ISO2_ET02.AppTest" name="testP43" time="0"/>
  <testcase classname="C04.C04_ISO2_ET02.AppTest" name="testP44" time="0"/>
  <testcase classname="C04.C04_ISO2_ET02.AppTest" name="testP45" time="0"/>
  <testcase classname="C04.C04_ISO2_ET02.AppTest" name="testP46" time="0"/>
  <testcase classname="C04.C04_ISO2_ET02.AppTest" name="testP47" time="0"/>
  <testcase classname="C04.C04_ISO2_ET02.AppTest" name="testP48" time="0.001"/>
  <testcase classname="C04.C04_ISO2_ET02.AppTest" name="testP49" time="0"/>
  <testcase classname="C04.C04_ISO2_ET02.AppTest" name="testP50" time="0"/>
  <testcase classname="C04.C04_ISO2_ET02.AppTest" name="testP51" time="0.001"/>
  <testcase classname="C04.C04_ISO2_ET02.AppTest" name="testP52" time="0"/>
  <testcase classname="C04.C04_ISO2_ET02.AppTest" name="testP53" time="0"/>
  <testcase classname="C04.C04_ISO2_ET02.AppTest" name="testP54" time="0"/>
  <testcase classname="C04.C04_ISO2_ET02.AppTest" name="testP55" time="0"/>
  <testcase classname="C04.C04_ISO2_ET02.AppTest" name="testP56" time="0"/>
  <testcase classname="C04.C04_ISO2_ET02.AppTest" name="testP57" time="0.001"/>
  <testcase classname="C04.C04_ISO2_ET02.AppTest" name="testP58" time="0.006"/>
  <testcase classname="C04.C04_ISO2_ET02.AppTest" name="testP59" time="0"/>
  <testcase classname="C04.C04_ISO2_ET02.AppTest" name="testP60" time="0"/>
  <testcase classname="C04.C04_ISO2_ET02.AppTest" name="testP61" time="0"/>
  <testcase classname="C04.C04_ISO2_ET02.AppTest" name="testP62" time="0.001"/>
  <testcase classname="C04.C04_ISO2_ET02.AppTest" name="testP63" time="0"/>
  <testcase classname="C04.C04_ISO2_ET02.AppTest" name="testP64" time="0"/>
  <testcase classname="C04.C04_ISO2_ET02.AppTest" name="testP65" time="0.001"/>
  <testcase classname="C04.C04_ISO2_ET02.AppTest" name="testP66" time="0"/>
  <testcase classname="C04.C04_ISO2_ET02.AppTest" name="testP67" time="0"/>
  <testcase classname="C04.C04_ISO2_ET02.AppTest" name="testP68" time="0.001"/>
  <testcase classname="C04.C04_ISO2_ET02.AppTest" name="testP69" time="0"/>
  <testcase classname="C04.C04_ISO2_ET02.AppTest" name="testP70" time="0"/>
  <testcase classname="C04.C04_ISO2_ET02.AppTest" name="testP71" time="0.001"/>
  <testcase classname="C04.C04_ISO2_ET02.AppTest" name="testP72" time="0"/>
  <testcase classname="C04.C04_ISO2_ET02.AppTest" name="testP73" time="0"/>
  <testcase classname="C04.C04_ISO2_ET02.AppTest" name="testP74" time="0"/>
  <testcase classname="C04.C04_ISO2_ET02.AppTest" name="testP75" time="0.001"/>
  <testcase classname="C04.C04_ISO2_ET02.AppTest" name="testP76" time="0"/>
  <testcase classname="C04.C04_ISO2_ET02.AppTest" name="testP77" time="0"/>
  <testcase classname="C04.C04_ISO2_ET02.AppTest" name="testP78" time="0"/>
  <testcase classname="C04.C04_ISO2_ET02.AppTest" name="testP79" time="0"/>
  <testcase classname="C04.C04_ISO2_ET02.AppTest" name="testP80" time="0.001"/>
  <testcase classname="C04.C04_ISO2_ET02.AppTest" name="testP81" time="0"/>
  <testcase classname="C04.C04_ISO2_ET02.AppTest" name="testP82" time="0"/>
  <testcase classname="C04.C04_ISO2_ET02.AppTest" name="testP83" time="0"/>
  <testcase classname="C04.C04_ISO2_ET02.AppTest" name="testP84" time="0"/>
  <testcase classname="C04.C04_ISO2_ET02.AppTest" name="testP85" time="0.001"/>
  <testcase classname="C04.C04_ISO2_ET02.AppTest" name="testP86" time="0"/>
  <testcase classname="C04.C04_ISO2_ET02.AppTest" name="testP87" time="0"/>
  <testcase classname="C04.C04_ISO2_ET02.AppTest" name="testP88" time="0"/>
  <testcase classname="C04.C04_ISO2_ET02.AppTest" name="testP89" time="0"/>
  <testcase classname="C04.C04_ISO2_ET02.AppTest" name="testP90" time="0"/>
  <testcase classname="C04.C04_ISO2_ET02.AppTest" name="testP91" time="0.001"/>
  <testcase classname="C04.C04_ISO2_ET02.AppTest" name="testP92" time="0"/>
  <testcase classname="C04.C04_ISO2_ET02.AppTest" name="testP93" time="0"/>
  <testcase classname="C04.C04_ISO2_ET02.AppTest" name="testP94" time="0"/>
  <testcase classname="C04.C04_ISO2_ET02.AppTest" name="testP95" time="0"/>
  <testcase classname="C04.C04_ISO2_ET02.AppTest" name="testP96" time="0"/>
  <testcase classname="C04.C04_ISO2_ET02.AppTest" name="testP97" time="0"/>
  <testcase classname="C04.C04_ISO2_ET02.AppTest" name="testP98" time="0"/>
  <testcase classname="C04.C04_ISO2_ET02.AppTest" name="testP99" time="0.001"/>
  <testcase classname="C04.C04_ISO2_ET02.AppTest" name="testEU10" time="0"/>
  <testcase classname="C04.C04_ISO2_ET02.AppTest" name="testP100" time="0"/>
  <testcase classname="C04.C04_ISO2_ET02.AppTest" name="testC4" time="0"/>
  <testcase classname="C04.C04_ISO2_ET02.AppTest" name="testC8" time="0"/>
  <testcase classname="C04.C04_ISO2_ET02.AppTest" name="testC9" time="0"/>
  <testcase classname="C04.C04_ISO2_ET02.AppTest" name="testP1" time="0.001"/>
  <testcase classname="C04.C04_ISO2_ET02.AppTest" name="testP2" time="0"/>
  <testcase classname="C04.C04_ISO2_ET02.AppTest" name="testP3" time="0"/>
  <testcase classname="C04.C04_ISO2_ET02.AppTest" name="testP4" time="0.001"/>
  <testcase classname="C04.C04_ISO2_ET02.AppTest" name="testP5" time="0"/>
  <testcase classname="C04.C04_ISO2_ET02.AppTest" name="testP6" time="0"/>
  <testcase classname="C04.C04_ISO2_ET02.AppTest" name="testP7" time="0.001"/>
  <testcase classname="C04.C04_ISO2_ET02.AppTest" name="testP8" time="0"/>
  <testcase classname="C04.C04_ISO2_ET02.AppTest" name="testP9" time="0"/>
  <testcase classname="C04.C04_ISO2_ET02.AppTest" name="testC2AnguloInvalido" time="0"/>
  <testcase classname="C04.C04_ISO2_ET02.AppTest" name="testC1LadoInvalido" time="0"/>
  <testcase classname="C04.C04_ISO2_ET02.AppTest" name="testC5AcutanguloEquilatero" time="0"/>
  <testcase classname="C04.C04_ISO2_ET02.AppTest" name="testExcepcionAmbosNegativos" time="0"/>
  <testcase classname="C04.C04_ISO2_ET02.AppTest" name="testC3SumaAnguloInvalida" time="0"/>
  <testcase classname="C04.C04_ISO2_ET02.AppTest" name="testC7ObtusanguloEscaleno" time="0"/>
  <testcase classname="C04.C04_ISO2_ET02.AppTest" name="testC6RectoIsosceles" time="0"/>
</testsuite>